{
  "RSpec": {
    "coverage": {
      "/home/astronomical-queue-4656/tic-tac-toe-rb-online-web-sp-000/lib/tic_tac_toe.rb": [
        null,
        1,
        null,
        null,
        null,
        null,
        null,
        null,
        null,
        null,
        null,
        1,
        5,
        5,
        5,
        5,
        5,
        null,
        null,
        1,
        13,
        null,
        null,
        1,
        3,
        null,
        null,
        1,
        15,
        null,
        null,
        1,
        13,
        null,
        null,
        1,
        2,
        2,
        18,
        5,
        null,
        null,
        2,
        null,
        null,
        1,
        1,
        null,
        null,
        1,
        10,
        10,
        10,
        10,
        9,
        0,
        null,
        1,
        null,
        null,
        null,
        1,
        54,
        266,
        266,
        266,
        null,
        266,
        266,
        266,
        null,
        266,
        32,
        null,
        null,
        22,
        null,
        null,
        1,
        104,
        null,
        null,
        1,
        13,
        7,
        6,
        3,
        3,
        3,
        null,
        null,
        null,
        1,
        11,
        7,
        null,
        4,
        null,
        null,
        null,
        1,
        10,
        9,
        null,
        null,
        null,
        1,
        12,
        7,
        null,
        5,
        3,
        3,
        2,
        2,
        null,
        null
      ]
    },
    "timestamp": 1617903624
  }
}
