{
  "RSpec": {
    "coverage": {
      "/home/astronomical-queue-4656/tic-tac-toe-rb-online-web-sp-000/lib/tic_tac_toe.rb": [
        null,
        1,
        null,
        null,
        null,
        null,
        null,
        null,
        null,
        null,
        null,
        1,
        20,
        20,
        20,
        20,
        20,
        null,
        null,
        1,
        19,
        null,
        null,
        1,
        19,
        null,
        null,
        1,
        21,
        null,
        null,
        1,
        19,
        null,
        null,
        1,
        2,
        2,
        18,
        5,
        null,
        null,
        2,
        null,
        null,
        1,
        1,
        null,
        null,
        1,
        16,
        16,
        16,
        16,
        15,
        15,
        null,
        1,
        null,
        null,
        null,
        1,
        83,
        421,
        421,
        421,
        null,
        421,
        421,
        421,
        null,
        421,
        43,
        null,
        null,
        40,
        null,
        null,
        1,
        148,
        null,
        null,
        1,
        18,
        7,
        11,
        8,
        3,
        3,
        null,
        null,
        null,
        1,
        17,
        10,
        null,
        7,
        null,
        null,
        null,
        1,
        14,
        13,
        null,
        null,
        null,
        1,
        12,
        13,
        null,
        12,
        6,
        6,
        6,
        3,
        null,
        null
      ]
    },
    "timestamp": 1617903455
  }
}
